<?xml version="1.0" encoding="UTF-8"?>
<robot generator="Robot 4.1 (Python 3.9.7 on win32)" generated="20210914 21:12:05.204" rpa="false" schemaversion="2">
<suite id="s1" name="Specs" source="C:\Users\ricardo.uehlein\Documents\robot_api_marvel\specs">
<suite id="s1-s1" name="CreateCharacters" source="C:\Users\ricardo.uehlein\Documents\robot_api_marvel\specs\CreateCharacters.robot">
<kw name="Super Setup" library="Base" type="SETUP">
<arg>ricardo@hotmail.com</arg>
<kw name="Set Client Key" library="Base">
<arg>${email}</arg>
<kw name="Create Dictionary" library="BuiltIn">
<var>&amp;{usuario}</var>
<arg>email=${email}</arg>
<doc>Creates and returns a dictionary based on the given ``items``.</doc>
<msg timestamp="20210914 21:12:05.489" level="INFO">&amp;{usuario} = { email=ricardo@hotmail.com }</msg>
<status status="PASS" starttime="20210914 21:12:05.488" endtime="20210914 21:12:05.489"/>
</kw>
<kw name="POST" library="RequestsLibrary">
<var>${response}</var>
<arg>${API_URL}/accounts</arg>
<arg>json=${usuario}</arg>
<doc>Sends a POST request.</doc>
<msg timestamp="20210914 21:12:05.841" level="INFO">POST Request : url=http://marvel.qaninja.academy/accounts 
 path_url=/accounts 
 headers={'User-Agent': 'python-requests/2.26.0', 'Accept-Encoding': 'gzip, deflate', 'Accept': '*/*', 'Connection': 'keep-alive', 'Content-Length': '32', 'Content-Type': 'application/json'} 
 body=b'{"email": "ricardo@hotmail.com"}' 
 </msg>
<msg timestamp="20210914 21:12:05.841" level="INFO">POST Response : url=http://marvel.qaninja.academy/accounts 
 status=200, reason=OK 
 headers={'Server': 'Cowboy', 'Connection': 'keep-alive', 'X-Powered-By': 'Express', 'Access-Control-Allow-Origin': '*', 'Content-Type': 'application/json; charset=utf-8', 'Content-Length': '41', 'Etag': 'W/"29-GI+8BxJBRiX3650rBQsBOYsd9YM"', 'Date': 'Wed, 15 Sep 2021 00:10:42 GMT', 'Via': '1.1 vegur'} 
 body={"client_key":"61411abaad940f0016da7635"} 
 </msg>
<msg timestamp="20210914 21:12:05.841" level="INFO">${response} = &lt;Response [200]&gt;</msg>
<status status="PASS" starttime="20210914 21:12:05.490" endtime="20210914 21:12:05.841"/>
</kw>
<kw name="Set Variable" library="BuiltIn">
<var>${client_key}</var>
<arg>${response.json()}[client_key]</arg>
<doc>Returns the given values which can then be assigned to a variables.</doc>
<msg timestamp="20210914 21:12:05.854" level="INFO">${client_key} = 61411abaad940f0016da7635</msg>
<status status="PASS" starttime="20210914 21:12:05.854" endtime="20210914 21:12:05.854"/>
</kw>
<kw name="Create Dictionary" library="BuiltIn">
<var>&amp;{HEADERS}</var>
<arg>client_key=${client_key}</arg>
<doc>Creates and returns a dictionary based on the given ``items``.</doc>
<msg timestamp="20210914 21:12:05.858" level="INFO">&amp;{HEADERS} = { client_key=61411abaad940f0016da7635 }</msg>
<status status="PASS" starttime="20210914 21:12:05.858" endtime="20210914 21:12:05.858"/>
</kw>
<kw name="Set Suite Variable" library="BuiltIn">
<arg>${HEADERS}</arg>
<doc>Makes a variable available everywhere within the scope of the current suite.</doc>
<msg timestamp="20210914 21:12:05.862" level="INFO">${HEADERS} = {'client_key': '61411abaad940f0016da7635'}</msg>
<status status="PASS" starttime="20210914 21:12:05.862" endtime="20210914 21:12:05.862"/>
</kw>
<status status="PASS" starttime="20210914 21:12:05.488" endtime="20210914 21:12:05.863"/>
</kw>
<kw name="Back To The Past" library="Base">
<kw name="DELETE" library="RequestsLibrary">
<arg>${API_URL}/delorean</arg>
<arg>headers=${HEADERS}</arg>
<doc>Sends a DELETE request.</doc>
<msg timestamp="20210914 21:12:06.202" level="INFO">DELETE Request : url=http://marvel.qaninja.academy/delorean 
 path_url=/delorean 
 headers={'User-Agent': 'python-requests/2.26.0', 'Accept-Encoding': 'gzip, deflate', 'Accept': '*/*', 'Connection': 'keep-alive', 'client_key': '61411abaad940f0016da7635', 'Content-Length': '0'} 
 body=None 
 </msg>
<msg timestamp="20210914 21:12:06.202" level="INFO">DELETE Response : url=http://marvel.qaninja.academy/delorean 
 status=200, reason=OK 
 headers={'Server': 'Cowboy', 'Connection': 'keep-alive', 'X-Powered-By': 'Express', 'Access-Control-Allow-Origin': '*', 'Content-Type': 'application/json; charset=utf-8', 'Content-Length': '31', 'Etag': 'W/"1f-ImqlboUfbv1n1FbEV48J/4RvhGg"', 'Date': 'Wed, 15 Sep 2021 00:10:42 GMT', 'Via': '1.1 vegur'} 
 body={"message":"Avengers Assemble"} 
 </msg>
<status status="PASS" starttime="20210914 21:12:05.864" endtime="20210914 21:12:06.202"/>
</kw>
<status status="PASS" starttime="20210914 21:12:05.864" endtime="20210914 21:12:06.203"/>
</kw>
<status status="PASS" starttime="20210914 21:12:05.486" endtime="20210914 21:12:06.204"/>
</kw>
<test id="s1-s1-t1" name="Deve cadastrar um personagem">
<kw name="Factory Star Lord" library="Guardians">
<var>${personagem}</var>
<msg timestamp="20210914 21:12:06.205" level="INFO">${personagem} = {'name': 'Peter Quill', 'aliases': 'Star Lord', 'age': 30, 'team': 'Guardians of the Galaxy', 'active': True}</msg>
<status status="PASS" starttime="20210914 21:12:06.205" endtime="20210914 21:12:06.205"/>
</kw>
<kw name="POST New Character" library="Characters">
<var>${response}</var>
<arg>${personagem}</arg>
<kw name="POST" library="RequestsLibrary">
<var>${response}</var>
<arg>${API_URL}/characters</arg>
<arg>json=${payload}</arg>
<arg>headers=${HEADERS}</arg>
<arg>expected_status=any</arg>
<doc>Sends a POST request.</doc>
<msg timestamp="20210914 21:12:06.534" level="INFO">POST Request : url=http://marvel.qaninja.academy/characters 
 path_url=/characters 
 headers={'User-Agent': 'python-requests/2.26.0', 'Accept-Encoding': 'gzip, deflate', 'Accept': '*/*', 'Connection': 'keep-alive', 'client_key': '61411abaad940f0016da7635', 'Content-Length': '109', 'Content-Type': 'application/json'} 
 body=b'{"name": "Peter Quill", "aliases": "Star Lord", "age": 30, "team": "Guardians of the Galaxy", "active": true}' 
 </msg>
<msg timestamp="20210914 21:12:06.535" level="INFO">POST Response : url=http://marvel.qaninja.academy/characters 
 status=200, reason=OK 
 headers={'Server': 'Cowboy', 'Connection': 'keep-alive', 'X-Powered-By': 'Express', 'Access-Control-Allow-Origin': '*', 'Content-Type': 'application/json; charset=utf-8', 'Content-Length': '168', 'Etag': 'W/"a8-UMGPfCnlXNBKrwLb+ecl5Tz+7tw"', 'Date': 'Wed, 15 Sep 2021 00:10:43 GMT', 'Via': '1.1 vegur'} 
 body={"_id":"61413a03ad940f0016da796c","name":"Peter Quill","age":30,"aliases":"Star Lord","team":"Guardians of the Galaxy","active":true,"owner":"61411abaad940f0016da7635"} 
 </msg>
<msg timestamp="20210914 21:12:06.535" level="INFO">${response} = &lt;Response [200]&gt;</msg>
<status status="PASS" starttime="20210914 21:12:06.207" endtime="20210914 21:12:06.535"/>
</kw>
<msg timestamp="20210914 21:12:06.536" level="INFO">${response} = &lt;Response [200]&gt;</msg>
<status status="PASS" starttime="20210914 21:12:06.206" endtime="20210914 21:12:06.536"/>
</kw>
<kw name="Status Should Be" library="RequestsLibrary">
<arg>200</arg>
<arg>${response}</arg>
<doc>Fails if response status code is different than the expected.</doc>
<status status="PASS" starttime="20210914 21:12:06.537" endtime="20210914 21:12:06.538"/>
</kw>
<status status="PASS" starttime="20210914 21:12:06.204" endtime="20210914 21:12:06.538"/>
</test>
<test id="s1-s1-t2" name="Não deve casdatrar com o mesmo nome">
<kw name="Factory Groot" library="Guardians">
<var>${personagem}</var>
<msg timestamp="20210914 21:12:06.543" level="INFO">${personagem} = {'name': 'Groot', 'aliases': 'Groot', 'age': 300, 'team': 'Guardians of the Galaxy', 'active': True}</msg>
<status status="PASS" starttime="20210914 21:12:06.543" endtime="20210914 21:12:06.543"/>
</kw>
<kw name="POST New Character" library="Characters">
<arg>${personagem}</arg>
<kw name="POST" library="RequestsLibrary">
<var>${response}</var>
<arg>${API_URL}/characters</arg>
<arg>json=${payload}</arg>
<arg>headers=${HEADERS}</arg>
<arg>expected_status=any</arg>
<doc>Sends a POST request.</doc>
<msg timestamp="20210914 21:12:06.890" level="INFO">POST Request : url=http://marvel.qaninja.academy/characters 
 path_url=/characters 
 headers={'User-Agent': 'python-requests/2.26.0', 'Accept-Encoding': 'gzip, deflate', 'Accept': '*/*', 'Connection': 'keep-alive', 'client_key': '61411abaad940f0016da7635', 'Content-Length': '100', 'Content-Type': 'application/json'} 
 body=b'{"name": "Groot", "aliases": "Groot", "age": 300, "team": "Guardians of the Galaxy", "active": true}' 
 </msg>
<msg timestamp="20210914 21:12:06.890" level="INFO">POST Response : url=http://marvel.qaninja.academy/characters 
 status=200, reason=OK 
 headers={'Server': 'Cowboy', 'Connection': 'keep-alive', 'X-Powered-By': 'Express', 'Access-Control-Allow-Origin': '*', 'Content-Type': 'application/json; charset=utf-8', 'Content-Length': '159', 'Etag': 'W/"9f-f1bONJLCx/MVihpAEGC+giMenLo"', 'Date': 'Wed, 15 Sep 2021 00:10:43 GMT', 'Via': '1.1 vegur'} 
 body={"_id":"61413a03ad940f0016da7970","name":"Groot","age":300,"aliases":"Groot","team":"Guardians of the Galaxy","active":true,"owner":"61411abaad940f0016da7635"} 
 </msg>
<msg timestamp="20210914 21:12:06.890" level="INFO">${response} = &lt;Response [200]&gt;</msg>
<status status="PASS" starttime="20210914 21:12:06.545" endtime="20210914 21:12:06.890"/>
</kw>
<status status="PASS" starttime="20210914 21:12:06.544" endtime="20210914 21:12:06.892"/>
</kw>
<kw name="POST New Character" library="Characters">
<var>${response}</var>
<arg>${personagem}</arg>
<kw name="POST" library="RequestsLibrary">
<var>${response}</var>
<arg>${API_URL}/characters</arg>
<arg>json=${payload}</arg>
<arg>headers=${HEADERS}</arg>
<arg>expected_status=any</arg>
<doc>Sends a POST request.</doc>
<msg timestamp="20210914 21:12:07.238" level="INFO">POST Request : url=http://marvel.qaninja.academy/characters 
 path_url=/characters 
 headers={'User-Agent': 'python-requests/2.26.0', 'Accept-Encoding': 'gzip, deflate', 'Accept': '*/*', 'Connection': 'keep-alive', 'client_key': '61411abaad940f0016da7635', 'Content-Length': '100', 'Content-Type': 'application/json'} 
 body=b'{"name": "Groot", "aliases": "Groot", "age": 300, "team": "Guardians of the Galaxy", "active": true}' 
 </msg>
<msg timestamp="20210914 21:12:07.238" level="INFO">POST Response : url=http://marvel.qaninja.academy/characters 
 status=409, reason=Conflict 
 headers={'Server': 'Cowboy', 'Connection': 'keep-alive', 'X-Powered-By': 'Express', 'Access-Control-Allow-Origin': '*', 'Content-Type': 'application/json; charset=utf-8', 'Content-Length': '39', 'Etag': 'W/"27-u8CjYCAAYHK/l+EQR0JyKi0LQGU"', 'Date': 'Wed, 15 Sep 2021 00:10:44 GMT', 'Via': '1.1 vegur'} 
 body={"error":"Character already exists :("} 
 </msg>
<msg timestamp="20210914 21:12:07.238" level="INFO">${response} = &lt;Response [409]&gt;</msg>
<status status="PASS" starttime="20210914 21:12:06.893" endtime="20210914 21:12:07.239"/>
</kw>
<msg timestamp="20210914 21:12:07.240" level="INFO">${response} = &lt;Response [409]&gt;</msg>
<status status="PASS" starttime="20210914 21:12:06.892" endtime="20210914 21:12:07.240"/>
</kw>
<kw name="Status Should Be" library="RequestsLibrary">
<arg>409</arg>
<arg>${response}</arg>
<doc>Fails if response status code is different than the expected.</doc>
<status status="PASS" starttime="20210914 21:12:07.244" endtime="20210914 21:12:07.245"/>
</kw>
<kw name="Should Be Equal" library="BuiltIn">
<arg>${response.json()}[error]</arg>
<arg>Character already exists :(</arg>
<doc>Fails if the given objects are unequal.</doc>
<status status="PASS" starttime="20210914 21:12:07.279" endtime="20210914 21:12:07.280"/>
</kw>
<tag>dup</tag>
<status status="PASS" starttime="20210914 21:12:06.542" endtime="20210914 21:12:07.281"/>
</test>
<doc>Suite de Teste do cadastro de personagens na API da Marvel</doc>
<status status="PASS" starttime="20210914 21:12:05.298" endtime="20210914 21:12:07.285"/>
</suite>
<suite id="s1-s2" name="RemoveCharacters" source="C:\Users\ricardo.uehlein\Documents\robot_api_marvel\specs\RemoveCharacters.robot">
<kw name="Super Setup" library="Base" type="SETUP">
<arg>ricardo@yahoo.com</arg>
<kw name="Set Client Key" library="Base">
<arg>${email}</arg>
<kw name="Create Dictionary" library="BuiltIn">
<var>&amp;{usuario}</var>
<arg>email=${email}</arg>
<doc>Creates and returns a dictionary based on the given ``items``.</doc>
<msg timestamp="20210914 21:12:07.330" level="INFO">&amp;{usuario} = { email=ricardo@yahoo.com }</msg>
<status status="PASS" starttime="20210914 21:12:07.329" endtime="20210914 21:12:07.330"/>
</kw>
<kw name="POST" library="RequestsLibrary">
<var>${response}</var>
<arg>${API_URL}/accounts</arg>
<arg>json=${usuario}</arg>
<doc>Sends a POST request.</doc>
<msg timestamp="20210914 21:12:07.710" level="INFO">POST Request : url=http://marvel.qaninja.academy/accounts 
 path_url=/accounts 
 headers={'User-Agent': 'python-requests/2.26.0', 'Accept-Encoding': 'gzip, deflate', 'Accept': '*/*', 'Connection': 'keep-alive', 'Content-Length': '30', 'Content-Type': 'application/json'} 
 body=b'{"email": "ricardo@yahoo.com"}' 
 </msg>
<msg timestamp="20210914 21:12:07.710" level="INFO">POST Response : url=http://marvel.qaninja.academy/accounts 
 status=200, reason=OK 
 headers={'Server': 'Cowboy', 'Connection': 'keep-alive', 'X-Powered-By': 'Express', 'Access-Control-Allow-Origin': '*', 'Content-Type': 'application/json; charset=utf-8', 'Content-Length': '41', 'Etag': 'W/"29-O2i2W0c9obq6c1/td5jbY8k4YVg"', 'Date': 'Wed, 15 Sep 2021 00:10:44 GMT', 'Via': '1.1 vegur'} 
 body={"client_key":"614107d3ad940f0016da7544"} 
 </msg>
<msg timestamp="20210914 21:12:07.711" level="INFO">${response} = &lt;Response [200]&gt;</msg>
<status status="PASS" starttime="20210914 21:12:07.331" endtime="20210914 21:12:07.711"/>
</kw>
<kw name="Set Variable" library="BuiltIn">
<var>${client_key}</var>
<arg>${response.json()}[client_key]</arg>
<doc>Returns the given values which can then be assigned to a variables.</doc>
<msg timestamp="20210914 21:12:07.713" level="INFO">${client_key} = 614107d3ad940f0016da7544</msg>
<status status="PASS" starttime="20210914 21:12:07.712" endtime="20210914 21:12:07.713"/>
</kw>
<kw name="Create Dictionary" library="BuiltIn">
<var>&amp;{HEADERS}</var>
<arg>client_key=${client_key}</arg>
<doc>Creates and returns a dictionary based on the given ``items``.</doc>
<msg timestamp="20210914 21:12:07.714" level="INFO">&amp;{HEADERS} = { client_key=614107d3ad940f0016da7544 }</msg>
<status status="PASS" starttime="20210914 21:12:07.714" endtime="20210914 21:12:07.714"/>
</kw>
<kw name="Set Suite Variable" library="BuiltIn">
<arg>${HEADERS}</arg>
<doc>Makes a variable available everywhere within the scope of the current suite.</doc>
<msg timestamp="20210914 21:12:07.716" level="INFO">${HEADERS} = {'client_key': '614107d3ad940f0016da7544'}</msg>
<status status="PASS" starttime="20210914 21:12:07.715" endtime="20210914 21:12:07.716"/>
</kw>
<status status="PASS" starttime="20210914 21:12:07.329" endtime="20210914 21:12:07.717"/>
</kw>
<kw name="Back To The Past" library="Base">
<kw name="DELETE" library="RequestsLibrary">
<arg>${API_URL}/delorean</arg>
<arg>headers=${HEADERS}</arg>
<doc>Sends a DELETE request.</doc>
<msg timestamp="20210914 21:12:08.064" level="INFO">DELETE Request : url=http://marvel.qaninja.academy/delorean 
 path_url=/delorean 
 headers={'User-Agent': 'python-requests/2.26.0', 'Accept-Encoding': 'gzip, deflate', 'Accept': '*/*', 'Connection': 'keep-alive', 'client_key': '614107d3ad940f0016da7544', 'Content-Length': '0'} 
 body=None 
 </msg>
<msg timestamp="20210914 21:12:08.064" level="INFO">DELETE Response : url=http://marvel.qaninja.academy/delorean 
 status=200, reason=OK 
 headers={'Server': 'Cowboy', 'Connection': 'keep-alive', 'X-Powered-By': 'Express', 'Access-Control-Allow-Origin': '*', 'Content-Type': 'application/json; charset=utf-8', 'Content-Length': '31', 'Etag': 'W/"1f-ImqlboUfbv1n1FbEV48J/4RvhGg"', 'Date': 'Wed, 15 Sep 2021 00:10:44 GMT', 'Via': '1.1 vegur'} 
 body={"message":"Avengers Assemble"} 
 </msg>
<status status="PASS" starttime="20210914 21:12:07.717" endtime="20210914 21:12:08.065"/>
</kw>
<status status="PASS" starttime="20210914 21:12:07.717" endtime="20210914 21:12:08.066"/>
</kw>
<status status="PASS" starttime="20210914 21:12:07.328" endtime="20210914 21:12:08.067"/>
</kw>
<test id="s1-s2-t1" name="Deve remover um personagem pelo id">
<kw name="Factory Ciclope" library="Xmen">
<var>${personagem}</var>
<msg timestamp="20210914 21:12:08.068" level="INFO">${personagem} = {'name': 'Ciclope', 'aliases': 'Ciclope', 'age': 25, 'team': 'X-men', 'active': True}</msg>
<status status="PASS" starttime="20210914 21:12:08.068" endtime="20210914 21:12:08.068"/>
</kw>
<kw name="POST New Character" library="Characters">
<var>${ciclope}</var>
<arg>${personagem}</arg>
<kw name="POST" library="RequestsLibrary">
<var>${response}</var>
<arg>${API_URL}/characters</arg>
<arg>json=${payload}</arg>
<arg>headers=${HEADERS}</arg>
<arg>expected_status=any</arg>
<doc>Sends a POST request.</doc>
<msg timestamp="20210914 21:12:08.403" level="INFO">POST Request : url=http://marvel.qaninja.academy/characters 
 path_url=/characters 
 headers={'User-Agent': 'python-requests/2.26.0', 'Accept-Encoding': 'gzip, deflate', 'Accept': '*/*', 'Connection': 'keep-alive', 'client_key': '614107d3ad940f0016da7544', 'Content-Length': '85', 'Content-Type': 'application/json'} 
 body=b'{"name": "Ciclope", "aliases": "Ciclope", "age": 25, "team": "X-men", "active": true}' 
 </msg>
<msg timestamp="20210914 21:12:08.404" level="INFO">POST Response : url=http://marvel.qaninja.academy/characters 
 status=200, reason=OK 
 headers={'Server': 'Cowboy', 'Connection': 'keep-alive', 'X-Powered-By': 'Express', 'Access-Control-Allow-Origin': '*', 'Content-Type': 'application/json; charset=utf-8', 'Content-Length': '144', 'Etag': 'W/"90-3M7lB73S/ZeKDmBCDifqlu/PH/c"', 'Date': 'Wed, 15 Sep 2021 00:10:45 GMT', 'Via': '1.1 vegur'} 
 body={"_id":"61413a05ad940f0016da7979","name":"Ciclope","age":25,"aliases":"Ciclope","team":"X-men","active":true,"owner":"614107d3ad940f0016da7544"} 
 </msg>
<msg timestamp="20210914 21:12:08.404" level="INFO">${response} = &lt;Response [200]&gt;</msg>
<status status="PASS" starttime="20210914 21:12:08.070" endtime="20210914 21:12:08.404"/>
</kw>
<msg timestamp="20210914 21:12:08.405" level="INFO">${ciclope} = &lt;Response [200]&gt;</msg>
<status status="PASS" starttime="20210914 21:12:08.069" endtime="20210914 21:12:08.405"/>
</kw>
<kw name="Set Variable" library="BuiltIn">
<var>${ciclope_id}</var>
<arg>${ciclope.json()}[_id]</arg>
<doc>Returns the given values which can then be assigned to a variables.</doc>
<msg timestamp="20210914 21:12:08.409" level="INFO">${ciclope_id} = 61413a05ad940f0016da7979</msg>
<status status="PASS" starttime="20210914 21:12:08.408" endtime="20210914 21:12:08.409"/>
</kw>
<kw name="DELETE Character By id" library="Characters">
<var>${response}</var>
<arg>${ciclope_id}</arg>
<kw name="DELETE" library="RequestsLibrary">
<var>${response}</var>
<arg>${API_URL}/characters/${character_id}</arg>
<arg>headers=${HEADERS}</arg>
<arg>expected_status=any</arg>
<doc>Sends a DELETE request.</doc>
<msg timestamp="20210914 21:12:08.740" level="INFO">DELETE Request : url=http://marvel.qaninja.academy/characters/61413a05ad940f0016da7979 
 path_url=/characters/61413a05ad940f0016da7979 
 headers={'User-Agent': 'python-requests/2.26.0', 'Accept-Encoding': 'gzip, deflate', 'Accept': '*/*', 'Connection': 'keep-alive', 'client_key': '614107d3ad940f0016da7544', 'Content-Length': '0'} 
 body=None 
 </msg>
<msg timestamp="20210914 21:12:08.740" level="INFO">DELETE Response : url=http://marvel.qaninja.academy/characters/61413a05ad940f0016da7979 
 status=204, reason=No Content 
 headers={'Server': 'Cowboy', 'Content-Length': '0', 'Connection': 'keep-alive', 'X-Powered-By': 'Express', 'Access-Control-Allow-Origin': '*', 'Date': 'Wed, 15 Sep 2021 00:10:45 GMT', 'Via': '1.1 vegur'} 
 body=None 
 </msg>
<msg timestamp="20210914 21:12:08.740" level="INFO">${response} = &lt;Response [204]&gt;</msg>
<status status="PASS" starttime="20210914 21:12:08.415" endtime="20210914 21:12:08.740"/>
</kw>
<msg timestamp="20210914 21:12:08.741" level="INFO">${response} = &lt;Response [204]&gt;</msg>
<status status="PASS" starttime="20210914 21:12:08.414" endtime="20210914 21:12:08.741"/>
</kw>
<kw name="Status Should Be" library="RequestsLibrary">
<arg>204</arg>
<arg>${response}</arg>
<doc>Fails if response status code is different than the expected.</doc>
<status status="PASS" starttime="20210914 21:12:08.742" endtime="20210914 21:12:08.743"/>
</kw>
<kw name="GET Character By id" library="Characters">
<var>${response2}</var>
<arg>${ciclope_id}</arg>
<kw name="GET" library="RequestsLibrary">
<var>${response}</var>
<arg>${API_URL}/characters/${character_id}</arg>
<arg>headers=${HEADERS}</arg>
<arg>expected_status=any</arg>
<doc>Sends a GET request.</doc>
<msg timestamp="20210914 21:12:09.052" level="INFO">GET Request : url=http://marvel.qaninja.academy/characters/61413a05ad940f0016da7979 
 path_url=/characters/61413a05ad940f0016da7979 
 headers={'User-Agent': 'python-requests/2.26.0', 'Accept-Encoding': 'gzip, deflate', 'Accept': '*/*', 'Connection': 'keep-alive', 'client_key': '614107d3ad940f0016da7544'} 
 body=None 
 </msg>
<msg timestamp="20210914 21:12:09.052" level="INFO">GET Response : url=http://marvel.qaninja.academy/characters/61413a05ad940f0016da7979 
 status=404, reason=Not Found 
 headers={'Server': 'Cowboy', 'Connection': 'keep-alive', 'X-Powered-By': 'Express', 'Access-Control-Allow-Origin': '*', 'Date': 'Wed, 15 Sep 2021 00:10:45 GMT', 'Content-Length': '0', 'Via': '1.1 vegur'} 
 body=None 
 </msg>
<msg timestamp="20210914 21:12:09.053" level="INFO">${response} = &lt;Response [404]&gt;</msg>
<status status="PASS" starttime="20210914 21:12:08.744" endtime="20210914 21:12:09.053"/>
</kw>
<msg timestamp="20210914 21:12:09.054" level="INFO">${response2} = &lt;Response [404]&gt;</msg>
<status status="PASS" starttime="20210914 21:12:08.743" endtime="20210914 21:12:09.054"/>
</kw>
<kw name="Status Should Be" library="RequestsLibrary">
<arg>404</arg>
<arg>${response2}</arg>
<doc>Fails if response status code is different than the expected.</doc>
<status status="PASS" starttime="20210914 21:12:09.055" endtime="20210914 21:12:09.056"/>
</kw>
<status status="PASS" starttime="20210914 21:12:08.067" endtime="20210914 21:12:09.056"/>
</test>
<test id="s1-s2-t2" name="Não deve remover o personagem pelo id">
<kw name="Get Unique Id" library="Helpers">
<var>${personagem_id}</var>
<msg timestamp="20210914 21:12:09.062" level="INFO">${personagem_id} = 61413a593c15501f2c080d64</msg>
<status status="PASS" starttime="20210914 21:12:09.061" endtime="20210914 21:12:09.062"/>
</kw>
<kw name="DELETE Character By id" library="Characters">
<var>${response}</var>
<arg>${personagem_id}</arg>
<kw name="DELETE" library="RequestsLibrary">
<var>${response}</var>
<arg>${API_URL}/characters/${character_id}</arg>
<arg>headers=${HEADERS}</arg>
<arg>expected_status=any</arg>
<doc>Sends a DELETE request.</doc>
<msg timestamp="20210914 21:12:09.385" level="INFO">DELETE Request : url=http://marvel.qaninja.academy/characters/61413a593c15501f2c080d64 
 path_url=/characters/61413a593c15501f2c080d64 
 headers={'User-Agent': 'python-requests/2.26.0', 'Accept-Encoding': 'gzip, deflate', 'Accept': '*/*', 'Connection': 'keep-alive', 'client_key': '614107d3ad940f0016da7544', 'Content-Length': '0'} 
 body=None 
 </msg>
<msg timestamp="20210914 21:12:09.385" level="INFO">DELETE Response : url=http://marvel.qaninja.academy/characters/61413a593c15501f2c080d64 
 status=404, reason=Not Found 
 headers={'Server': 'Cowboy', 'Connection': 'keep-alive', 'X-Powered-By': 'Express', 'Access-Control-Allow-Origin': '*', 'Date': 'Wed, 15 Sep 2021 00:10:46 GMT', 'Content-Length': '0', 'Via': '1.1 vegur'} 
 body=None 
 </msg>
<msg timestamp="20210914 21:12:09.385" level="INFO">${response} = &lt;Response [404]&gt;</msg>
<status status="PASS" starttime="20210914 21:12:09.064" endtime="20210914 21:12:09.386"/>
</kw>
<msg timestamp="20210914 21:12:09.387" level="INFO">${response} = &lt;Response [404]&gt;</msg>
<status status="PASS" starttime="20210914 21:12:09.063" endtime="20210914 21:12:09.387"/>
</kw>
<kw name="Status Should Be" library="RequestsLibrary">
<arg>404</arg>
<arg>${response}</arg>
<doc>Fails if response status code is different than the expected.</doc>
<status status="PASS" starttime="20210914 21:12:09.388" endtime="20210914 21:12:09.389"/>
</kw>
<status status="PASS" starttime="20210914 21:12:09.061" endtime="20210914 21:12:09.389"/>
</test>
<doc>Suite de Teste de exclusão de personagens na API da Marvel</doc>
<status status="PASS" starttime="20210914 21:12:07.307" endtime="20210914 21:12:09.394"/>
</suite>
<suite id="s1-s3" name="SearchCharacters" source="C:\Users\ricardo.uehlein\Documents\robot_api_marvel\specs\SearchCharacters.robot">
<kw name="Super Setup" library="Base" type="SETUP">
<arg>ricardo@gmail.com</arg>
<kw name="Set Client Key" library="Base">
<arg>${email}</arg>
<kw name="Create Dictionary" library="BuiltIn">
<var>&amp;{usuario}</var>
<arg>email=${email}</arg>
<doc>Creates and returns a dictionary based on the given ``items``.</doc>
<msg timestamp="20210914 21:12:09.411" level="INFO">&amp;{usuario} = { email=ricardo@gmail.com }</msg>
<status status="PASS" starttime="20210914 21:12:09.411" endtime="20210914 21:12:09.411"/>
</kw>
<kw name="POST" library="RequestsLibrary">
<var>${response}</var>
<arg>${API_URL}/accounts</arg>
<arg>json=${usuario}</arg>
<doc>Sends a POST request.</doc>
<msg timestamp="20210914 21:12:09.725" level="INFO">POST Request : url=http://marvel.qaninja.academy/accounts 
 path_url=/accounts 
 headers={'User-Agent': 'python-requests/2.26.0', 'Accept-Encoding': 'gzip, deflate', 'Accept': '*/*', 'Connection': 'keep-alive', 'Content-Length': '30', 'Content-Type': 'application/json'} 
 body=b'{"email": "ricardo@gmail.com"}' 
 </msg>
<msg timestamp="20210914 21:12:09.725" level="INFO">POST Response : url=http://marvel.qaninja.academy/accounts 
 status=200, reason=OK 
 headers={'Server': 'Cowboy', 'Connection': 'keep-alive', 'X-Powered-By': 'Express', 'Access-Control-Allow-Origin': '*', 'Content-Type': 'application/json; charset=utf-8', 'Content-Length': '41', 'Etag': 'W/"29-KmdC+CHwidyuqnGu6XSW+VKTuq8"', 'Date': 'Wed, 15 Sep 2021 00:10:46 GMT', 'Via': '1.1 vegur'} 
 body={"client_key":"6140ad7fad940f0016da7140"} 
 </msg>
<msg timestamp="20210914 21:12:09.725" level="INFO">${response} = &lt;Response [200]&gt;</msg>
<status status="PASS" starttime="20210914 21:12:09.411" endtime="20210914 21:12:09.725"/>
</kw>
<kw name="Set Variable" library="BuiltIn">
<var>${client_key}</var>
<arg>${response.json()}[client_key]</arg>
<doc>Returns the given values which can then be assigned to a variables.</doc>
<msg timestamp="20210914 21:12:09.728" level="INFO">${client_key} = 6140ad7fad940f0016da7140</msg>
<status status="PASS" starttime="20210914 21:12:09.727" endtime="20210914 21:12:09.728"/>
</kw>
<kw name="Create Dictionary" library="BuiltIn">
<var>&amp;{HEADERS}</var>
<arg>client_key=${client_key}</arg>
<doc>Creates and returns a dictionary based on the given ``items``.</doc>
<msg timestamp="20210914 21:12:09.730" level="INFO">&amp;{HEADERS} = { client_key=6140ad7fad940f0016da7140 }</msg>
<status status="PASS" starttime="20210914 21:12:09.729" endtime="20210914 21:12:09.730"/>
</kw>
<kw name="Set Suite Variable" library="BuiltIn">
<arg>${HEADERS}</arg>
<doc>Makes a variable available everywhere within the scope of the current suite.</doc>
<msg timestamp="20210914 21:12:09.731" level="INFO">${HEADERS} = {'client_key': '6140ad7fad940f0016da7140'}</msg>
<status status="PASS" starttime="20210914 21:12:09.731" endtime="20210914 21:12:09.731"/>
</kw>
<status status="PASS" starttime="20210914 21:12:09.410" endtime="20210914 21:12:09.732"/>
</kw>
<kw name="Back To The Past" library="Base">
<kw name="DELETE" library="RequestsLibrary">
<arg>${API_URL}/delorean</arg>
<arg>headers=${HEADERS}</arg>
<doc>Sends a DELETE request.</doc>
<msg timestamp="20210914 21:12:10.066" level="INFO">DELETE Request : url=http://marvel.qaninja.academy/delorean 
 path_url=/delorean 
 headers={'User-Agent': 'python-requests/2.26.0', 'Accept-Encoding': 'gzip, deflate', 'Accept': '*/*', 'Connection': 'keep-alive', 'client_key': '6140ad7fad940f0016da7140', 'Content-Length': '0'} 
 body=None 
 </msg>
<msg timestamp="20210914 21:12:10.067" level="INFO">DELETE Response : url=http://marvel.qaninja.academy/delorean 
 status=200, reason=OK 
 headers={'Server': 'Cowboy', 'Connection': 'keep-alive', 'X-Powered-By': 'Express', 'Access-Control-Allow-Origin': '*', 'Content-Type': 'application/json; charset=utf-8', 'Content-Length': '31', 'Etag': 'W/"1f-ImqlboUfbv1n1FbEV48J/4RvhGg"', 'Date': 'Wed, 15 Sep 2021 00:10:46 GMT', 'Via': '1.1 vegur'} 
 body={"message":"Avengers Assemble"} 
 </msg>
<status status="PASS" starttime="20210914 21:12:09.733" endtime="20210914 21:12:10.067"/>
</kw>
<status status="PASS" starttime="20210914 21:12:09.732" endtime="20210914 21:12:10.068"/>
</kw>
<status status="PASS" starttime="20210914 21:12:09.410" endtime="20210914 21:12:10.068"/>
</kw>
<test id="s1-s3-t1" name="Deve buscar um personagem pelo id">
<kw name="Factory Logan" library="Xmen">
<var>${personagem}</var>
<msg timestamp="20210914 21:12:10.070" level="INFO">${personagem} = {'name': 'Logan', 'aliases': 'Wolverine', 'age': 30, 'team': 'X-men', 'active': True}</msg>
<status status="PASS" starttime="20210914 21:12:10.069" endtime="20210914 21:12:10.070"/>
</kw>
<kw name="POST New Character" library="Characters">
<var>${logan}</var>
<arg>${personagem}</arg>
<kw name="POST" library="RequestsLibrary">
<var>${response}</var>
<arg>${API_URL}/characters</arg>
<arg>json=${payload}</arg>
<arg>headers=${HEADERS}</arg>
<arg>expected_status=any</arg>
<doc>Sends a POST request.</doc>
<msg timestamp="20210914 21:12:10.407" level="INFO">POST Request : url=http://marvel.qaninja.academy/characters 
 path_url=/characters 
 headers={'User-Agent': 'python-requests/2.26.0', 'Accept-Encoding': 'gzip, deflate', 'Accept': '*/*', 'Connection': 'keep-alive', 'client_key': '6140ad7fad940f0016da7140', 'Content-Length': '85', 'Content-Type': 'application/json'} 
 body=b'{"name": "Logan", "aliases": "Wolverine", "age": 30, "team": "X-men", "active": true}' 
 </msg>
<msg timestamp="20210914 21:12:10.407" level="INFO">POST Response : url=http://marvel.qaninja.academy/characters 
 status=200, reason=OK 
 headers={'Server': 'Cowboy', 'Connection': 'keep-alive', 'X-Powered-By': 'Express', 'Access-Control-Allow-Origin': '*', 'Content-Type': 'application/json; charset=utf-8', 'Content-Length': '144', 'Etag': 'W/"90-hLikWVfQ8xFz1NZya3eRyNaCBSs"', 'Date': 'Wed, 15 Sep 2021 00:10:47 GMT', 'Via': '1.1 vegur'} 
 body={"_id":"61413a07ad940f0016da7987","name":"Logan","age":30,"aliases":"Wolverine","team":"X-men","active":true,"owner":"6140ad7fad940f0016da7140"} 
 </msg>
<msg timestamp="20210914 21:12:10.407" level="INFO">${response} = &lt;Response [200]&gt;</msg>
<status status="PASS" starttime="20210914 21:12:10.071" endtime="20210914 21:12:10.407"/>
</kw>
<msg timestamp="20210914 21:12:10.409" level="INFO">${logan} = &lt;Response [200]&gt;</msg>
<status status="PASS" starttime="20210914 21:12:10.071" endtime="20210914 21:12:10.409"/>
</kw>
<kw name="Set Variable" library="BuiltIn">
<var>${logan_id}</var>
<arg>${logan.json()}[_id]</arg>
<doc>Returns the given values which can then be assigned to a variables.</doc>
<msg timestamp="20210914 21:12:10.411" level="INFO">${logan_id} = 61413a07ad940f0016da7987</msg>
<status status="PASS" starttime="20210914 21:12:10.410" endtime="20210914 21:12:10.411"/>
</kw>
<kw name="GET Character By id" library="Characters">
<var>${response}</var>
<arg>${logan_id}</arg>
<kw name="GET" library="RequestsLibrary">
<var>${response}</var>
<arg>${API_URL}/characters/${character_id}</arg>
<arg>headers=${HEADERS}</arg>
<arg>expected_status=any</arg>
<doc>Sends a GET request.</doc>
<msg timestamp="20210914 21:12:10.752" level="INFO">GET Request : url=http://marvel.qaninja.academy/characters/61413a07ad940f0016da7987 
 path_url=/characters/61413a07ad940f0016da7987 
 headers={'User-Agent': 'python-requests/2.26.0', 'Accept-Encoding': 'gzip, deflate', 'Accept': '*/*', 'Connection': 'keep-alive', 'client_key': '6140ad7fad940f0016da7140'} 
 body=None 
 </msg>
<msg timestamp="20210914 21:12:10.752" level="INFO">GET Response : url=http://marvel.qaninja.academy/characters/61413a07ad940f0016da7987 
 status=200, reason=OK 
 headers={'Server': 'Cowboy', 'Connection': 'keep-alive', 'X-Powered-By': 'Express', 'Access-Control-Allow-Origin': '*', 'Content-Type': 'application/json; charset=utf-8', 'Content-Length': '144', 'Etag': 'W/"90-hLikWVfQ8xFz1NZya3eRyNaCBSs"', 'Date': 'Wed, 15 Sep 2021 00:10:47 GMT', 'Via': '1.1 vegur'} 
 body={"_id":"61413a07ad940f0016da7987","name":"Logan","age":30,"aliases":"Wolverine","team":"X-men","active":true,"owner":"6140ad7fad940f0016da7140"} 
 </msg>
<msg timestamp="20210914 21:12:10.753" level="INFO">${response} = &lt;Response [200]&gt;</msg>
<status status="PASS" starttime="20210914 21:12:10.413" endtime="20210914 21:12:10.753"/>
</kw>
<msg timestamp="20210914 21:12:10.754" level="INFO">${response} = &lt;Response [200]&gt;</msg>
<status status="PASS" starttime="20210914 21:12:10.412" endtime="20210914 21:12:10.754"/>
</kw>
<kw name="Status Should Be" library="RequestsLibrary">
<arg>200</arg>
<arg>${response}</arg>
<doc>Fails if response status code is different than the expected.</doc>
<status status="PASS" starttime="20210914 21:12:10.755" endtime="20210914 21:12:10.756"/>
</kw>
<kw name="Should Be Equal" library="BuiltIn">
<arg>${logan.json()}[name]</arg>
<arg>${personagem}[name]</arg>
<doc>Fails if the given objects are unequal.</doc>
<status status="PASS" starttime="20210914 21:12:10.756" endtime="20210914 21:12:10.757"/>
</kw>
<kw name="Should Be Equal" library="BuiltIn">
<arg>${logan.json()}[aliases]</arg>
<arg>${personagem}[aliases]</arg>
<doc>Fails if the given objects are unequal.</doc>
<status status="PASS" starttime="20210914 21:12:10.758" endtime="20210914 21:12:10.759"/>
</kw>
<kw name="Should Be Equal" library="BuiltIn">
<arg>${logan.json()}[age]</arg>
<arg>${personagem}[age]</arg>
<doc>Fails if the given objects are unequal.</doc>
<status status="PASS" starttime="20210914 21:12:10.759" endtime="20210914 21:12:10.761"/>
</kw>
<kw name="Should Be Equal" library="BuiltIn">
<arg>${logan.json()}[team]</arg>
<arg>${personagem}[team]</arg>
<doc>Fails if the given objects are unequal.</doc>
<status status="PASS" starttime="20210914 21:12:10.761" endtime="20210914 21:12:10.762"/>
</kw>
<kw name="Should Be Equal" library="BuiltIn">
<arg>${logan.json()}[active]</arg>
<arg>${personagem}[active]</arg>
<doc>Fails if the given objects are unequal.</doc>
<status status="PASS" starttime="20210914 21:12:10.763" endtime="20210914 21:12:10.764"/>
</kw>
<status status="PASS" starttime="20210914 21:12:10.069" endtime="20210914 21:12:10.765"/>
</test>
<test id="s1-s3-t2" name="Não deve retornar o personagem pelo id">
<kw name="Get Unique Id" library="Helpers">
<var>${personagem_id}</var>
<msg timestamp="20210914 21:12:10.771" level="INFO">${personagem_id} = 61413a5a3c15501f2c080d65</msg>
<status status="PASS" starttime="20210914 21:12:10.770" endtime="20210914 21:12:10.771"/>
</kw>
<kw name="GET Character By id" library="Characters">
<var>${response}</var>
<arg>${personagem_id}</arg>
<kw name="GET" library="RequestsLibrary">
<var>${response}</var>
<arg>${API_URL}/characters/${character_id}</arg>
<arg>headers=${HEADERS}</arg>
<arg>expected_status=any</arg>
<doc>Sends a GET request.</doc>
<msg timestamp="20210914 21:12:11.129" level="INFO">GET Request : url=http://marvel.qaninja.academy/characters/61413a5a3c15501f2c080d65 
 path_url=/characters/61413a5a3c15501f2c080d65 
 headers={'User-Agent': 'python-requests/2.26.0', 'Accept-Encoding': 'gzip, deflate', 'Accept': '*/*', 'Connection': 'keep-alive', 'client_key': '6140ad7fad940f0016da7140'} 
 body=None 
 </msg>
<msg timestamp="20210914 21:12:11.129" level="INFO">GET Response : url=http://marvel.qaninja.academy/characters/61413a5a3c15501f2c080d65 
 status=404, reason=Not Found 
 headers={'Server': 'Cowboy', 'Connection': 'keep-alive', 'X-Powered-By': 'Express', 'Access-Control-Allow-Origin': '*', 'Date': 'Wed, 15 Sep 2021 00:10:47 GMT', 'Content-Length': '0', 'Via': '1.1 vegur'} 
 body=None 
 </msg>
<msg timestamp="20210914 21:12:11.130" level="INFO">${response} = &lt;Response [404]&gt;</msg>
<status status="PASS" starttime="20210914 21:12:10.772" endtime="20210914 21:12:11.130"/>
</kw>
<msg timestamp="20210914 21:12:11.131" level="INFO">${response} = &lt;Response [404]&gt;</msg>
<status status="PASS" starttime="20210914 21:12:10.772" endtime="20210914 21:12:11.131"/>
</kw>
<kw name="Status Should Be" library="RequestsLibrary">
<arg>404</arg>
<arg>${response}</arg>
<doc>Fails if response status code is different than the expected.</doc>
<status status="PASS" starttime="20210914 21:12:11.132" endtime="20210914 21:12:11.133"/>
</kw>
<status status="PASS" starttime="20210914 21:12:10.770" endtime="20210914 21:12:11.133"/>
</test>
<doc>Suite de Teste de busca de personagens na API da Marvel</doc>
<status status="PASS" starttime="20210914 21:12:09.402" endtime="20210914 21:12:11.137"/>
</suite>
<status status="PASS" starttime="20210914 21:12:05.277" endtime="20210914 21:12:11.143"/>
</suite>
<statistics>
<total>
<stat pass="6" fail="0" skip="0">All Tests</stat>
</total>
<tag>
<stat pass="1" fail="0" skip="0">dup</stat>
</tag>
<suite>
<stat pass="6" fail="0" skip="0" id="s1" name="Specs">Specs</stat>
<stat pass="2" fail="0" skip="0" id="s1-s1" name="CreateCharacters">Specs.CreateCharacters</stat>
<stat pass="2" fail="0" skip="0" id="s1-s2" name="RemoveCharacters">Specs.RemoveCharacters</stat>
<stat pass="2" fail="0" skip="0" id="s1-s3" name="SearchCharacters">Specs.SearchCharacters</stat>
</suite>
</statistics>
<errors>
</errors>
</robot>
